<?xml version="1.0" encoding="UTF-8"?>
<coverage generated="1749913763413" clover="3.2.0">
  <project timestamp="1749913763413" name="All files">
    <metrics statements="35" coveredstatements="28" conditionals="4" coveredconditionals="2" methods="15" coveredmethods="8" elements="54" coveredelements="38" complexity="0" loc="35" ncloc="35" packages="2" files="9" classes="9"/>
    <package name="components">
      <metrics statements="17" coveredstatements="15" conditionals="4" coveredconditionals="2" methods="8" coveredmethods="6"/>
      <file name="Contact.jsx" path="C:\Users\THANKS\Desktop\Food-Delivery-App\src\components\Contact.jsx">
        <metrics statements="2" coveredstatements="2" conditionals="0" coveredconditionals="0" methods="1" coveredmethods="1"/>
        <line num="1" count="1" type="stmt"/>
        <line num="2" count="4" type="stmt"/>
      </file>
      <file name="Header.jsx" path="C:\Users\THANKS\Desktop\Food-Delivery-App\src\components\Header.jsx">
        <metrics statements="7" coveredstatements="7" conditionals="4" coveredconditionals="2" methods="3" coveredmethods="3"/>
        <line num="8" count="1" type="stmt"/>
        <line num="10" count="4" type="stmt"/>
        <line num="13" count="4" type="stmt"/>
        <line num="15" count="4" type="stmt"/>
        <line num="27" count="7" type="stmt"/>
        <line num="30" count="4" type="stmt"/>
        <line num="56" count="1" type="cond" truecount="1" falsecount="1"/>
      </file>
      <file name="RestaurantCard.jsx" path="C:\Users\THANKS\Desktop\Food-Delivery-App\src\components\RestaurantCard.jsx">
        <metrics statements="7" coveredstatements="5" conditionals="0" coveredconditionals="0" methods="3" coveredmethods="1"/>
        <line num="3" count="1" type="stmt"/>
        <line num="4" count="1" type="stmt"/>
        <line num="5" count="1" type="stmt"/>
        <line num="7" count="1" type="stmt"/>
        <line num="26" count="1" type="stmt"/>
        <line num="27" count="0" type="stmt"/>
        <line num="28" count="0" type="stmt"/>
      </file>
      <file name="sum.js" path="C:\Users\THANKS\Desktop\Food-Delivery-App\src\components\sum.js">
        <metrics statements="1" coveredstatements="1" conditionals="0" coveredconditionals="0" methods="1" coveredmethods="1"/>
        <line num="2" count="1" type="stmt"/>
      </file>
    </package>
    <package name="utils">
      <metrics statements="18" coveredstatements="13" conditionals="0" coveredconditionals="0" methods="7" coveredmethods="2"/>
      <file name="UserContext.js" path="C:\Users\THANKS\Desktop\Food-Delivery-App\src\utils\UserContext.js">
        <metrics statements="1" coveredstatements="1" conditionals="0" coveredconditionals="0" methods="0" coveredmethods="0"/>
        <line num="3" count="1" type="stmt"/>
      </file>
      <file name="appStore.js" path="C:\Users\THANKS\Desktop\Food-Delivery-App\src\utils\appStore.js">
        <metrics statements="1" coveredstatements="1" conditionals="0" coveredconditionals="0" methods="0" coveredmethods="0"/>
        <line num="4" count="2" type="stmt"/>
      </file>
      <file name="cartSlice.js" path="C:\Users\THANKS\Desktop\Food-Delivery-App\src\utils\cartSlice.js">
        <metrics statements="5" coveredstatements="2" conditionals="0" coveredconditionals="0" methods="3" coveredmethods="0"/>
        <line num="3" count="2" type="stmt"/>
        <line num="11" count="0" type="stmt"/>
        <line num="14" count="0" type="stmt"/>
        <line num="17" count="0" type="stmt"/>
        <line num="23" count="2" type="stmt"/>
      </file>
      <file name="constant.js" path="C:\Users\THANKS\Desktop\Food-Delivery-App\src\utils\constant.js">
        <metrics statements="3" coveredstatements="3" conditionals="0" coveredconditionals="0" methods="0" coveredmethods="0"/>
        <line num="2" count="2" type="stmt"/>
        <line num="4" count="2" type="stmt"/>
        <line num="6" count="2" type="stmt"/>
      </file>
      <file name="useOnlineStatus.jsx" path="C:\Users\THANKS\Desktop\Food-Delivery-App\src\utils\useOnlineStatus.jsx">
        <metrics statements="8" coveredstatements="6" conditionals="0" coveredconditionals="0" methods="4" coveredmethods="2"/>
        <line num="3" count="1" type="stmt"/>
        <line num="4" count="4" type="stmt"/>
        <line num="5" count="4" type="stmt"/>
        <line num="6" count="3" type="stmt"/>
        <line num="7" count="0" type="stmt"/>
        <line num="9" count="3" type="stmt"/>
        <line num="10" count="0" type="stmt"/>
        <line num="13" count="4" type="stmt"/>
      </file>
    </package>
  </project>
</coverage>
