{"C:\\Users\\THANKS\\Desktop\\Food-Delivery-App\\src\\components\\Contact.jsx": {"path":"C:\\Users\\THANKS\\Desktop\\Food-Delivery-App\\src\\components\\Contact.jsx","statementMap":{"0":{"start":{"line":1,"column":16},"end":{"line":16,"column":1}},"1":{"start":{"line":2,"column":4},"end":{"line":15,"column":5}}},"fnMap":{"0":{"name":"(anonymous_0)","decl":{"start":{"line":1,"column":16},"end":{"line":1,"column":17}},"loc":{"start":{"line":1,"column":21},"end":{"line":16,"column":1}},"line":1}},"branchMap":{},"s":{"0":1,"1":1},"f":{"0":1},"b":{},"_coverageSchema":"1a1c01bbd47fc00a2c39e90264f33305004495a9","hash":"438924df17cb756607f28e8aabe617e7c2d8f6d9"}
,"C:\\Users\\THANKS\\Desktop\\Food-Delivery-App\\src\\components\\sum.js": {"path":"C:\\Users\\THANKS\\Desktop\\Food-Delivery-App\\src\\components\\sum.js","statementMap":{"0":{"start":{"line":2,"column":4},"end":{"line":2,"column":15}}},"fnMap":{"0":{"name":"(anonymous_0)","decl":{"start":{"line":1,"column":21},"end":{"line":1,"column":22}},"loc":{"start":{"line":1,"column":30},"end":{"line":3,"column":1}},"line":1}},"branchMap":{},"s":{"0":1},"f":{"0":1},"b":{},"_coverageSchema":"1a1c01bbd47fc00a2c39e90264f33305004495a9","hash":"554b2273155c3c8739c005f6fa1df7872bddfdab"}
}
