{"C:\\Users\\THANKS\\Desktop\\Food-Delivery-App\\src\\components\\Contact.jsx": {"path":"C:\\Users\\THANKS\\Desktop\\Food-Delivery-App\\src\\components\\Contact.jsx","statementMap":{"0":{"start":{"line":1,"column":16},"end":{"line":16,"column":1}},"1":{"start":{"line":2,"column":4},"end":{"line":15,"column":5}}},"fnMap":{"0":{"name":"(anonymous_0)","decl":{"start":{"line":1,"column":16},"end":{"line":1,"column":17}},"loc":{"start":{"line":1,"column":21},"end":{"line":16,"column":1}},"line":1}},"branchMap":{},"s":{"0":1,"1":4},"f":{"0":4},"b":{},"_coverageSchema":"1a1c01bbd47fc00a2c39e90264f33305004495a9","hash":"438924df17cb756607f28e8aabe617e7c2d8f6d9"}
,"C:\\Users\\THANKS\\Desktop\\Food-Delivery-App\\src\\components\\Header.jsx": {"path":"C:\\Users\\THANKS\\Desktop\\Food-Delivery-App\\src\\components\\Header.jsx","statementMap":{"0":{"start":{"line":8,"column":15},"end":{"line":68,"column":1}},"1":{"start":{"line":10,"column":42},"end":{"line":10,"column":59}},"2":{"start":{"line":13,"column":23},"end":{"line":13,"column":40}},"3":{"start":{"line":15,"column":27},"end":{"line":15,"column":50}},"4":{"start":{"line":27,"column":20},"end":{"line":27,"column":60}},"5":{"start":{"line":27,"column":43},"end":{"line":27,"column":59}},"6":{"start":{"line":30,"column":2},"end":{"line":67,"column":4}},"7":{"start":{"line":56,"column":14},"end":{"line":58,"column":43}}},"fnMap":{"0":{"name":"(anonymous_0)","decl":{"start":{"line":8,"column":15},"end":{"line":8,"column":16}},"loc":{"start":{"line":8,"column":21},"end":{"line":68,"column":1}},"line":8},"1":{"name":"(anonymous_1)","decl":{"start":{"line":27,"column":32},"end":{"line":27,"column":33}},"loc":{"start":{"line":27,"column":43},"end":{"line":27,"column":59}},"line":27},"2":{"name":"(anonymous_2)","decl":{"start":{"line":55,"column":21},"end":{"line":55,"column":22}},"loc":{"start":{"line":55,"column":27},"end":{"line":59,"column":13}},"line":55}},"branchMap":{"0":{"loc":{"start":{"line":37,"column":23},"end":{"line":37,"column":49}},"type":"cond-expr","locations":[{"start":{"line":37,"column":38},"end":{"line":37,"column":42}},{"start":{"line":37,"column":45},"end":{"line":37,"column":49}}],"line":37},"1":{"loc":{"start":{"line":56,"column":14},"end":{"line":58,"column":42}},"type":"cond-expr","locations":[{"start":{"line":57,"column":18},"end":{"line":57,"column":43}},{"start":{"line":58,"column":18},"end":{"line":58,"column":42}}],"line":56}},"s":{"0":1,"1":4,"2":4,"3":4,"4":4,"5":7,"6":4,"7":1},"f":{"0":4,"1":7,"2":1},"b":{"0":[4,0],"1":[1,0]},"_coverageSchema":"1a1c01bbd47fc00a2c39e90264f33305004495a9","hash":"5c7476d862266674b19f6f42ccede9489c9e2e3a"}
,"C:\\Users\\THANKS\\Desktop\\Food-Delivery-App\\src\\components\\RestaurantCard.jsx": {"path":"C:\\Users\\THANKS\\Desktop\\Food-Delivery-App\\src\\components\\RestaurantCard.jsx","statementMap":{"0":{"start":{"line":3,"column":23},"end":{"line":21,"column":1}},"1":{"start":{"line":4,"column":22},"end":{"line":4,"column":27}},"2":{"start":{"line":5,"column":76},"end":{"line":5,"column":89}},"3":{"start":{"line":7,"column":2},"end":{"line":20,"column":4}},"4":{"start":{"line":26,"column":33},"end":{"line":35,"column":1}},"5":{"start":{"line":27,"column":2},"end":{"line":34,"column":3}},"6":{"start":{"line":28,"column":4},"end":{"line":33,"column":5}}},"fnMap":{"0":{"name":"(anonymous_0)","decl":{"start":{"line":3,"column":23},"end":{"line":3,"column":24}},"loc":{"start":{"line":3,"column":34},"end":{"line":21,"column":1}},"line":3},"1":{"name":"(anonymous_1)","decl":{"start":{"line":26,"column":33},"end":{"line":26,"column":34}},"loc":{"start":{"line":26,"column":53},"end":{"line":35,"column":1}},"line":26},"2":{"name":"(anonymous_2)","decl":{"start":{"line":27,"column":9},"end":{"line":27,"column":10}},"loc":{"start":{"line":27,"column":20},"end":{"line":34,"column":3}},"line":27}},"branchMap":{},"s":{"0":1,"1":1,"2":1,"3":1,"4":1,"5":0,"6":0},"f":{"0":1,"1":0,"2":0},"b":{},"_coverageSchema":"1a1c01bbd47fc00a2c39e90264f33305004495a9","hash":"6313b5c53a254081ec2a74031bd393f81d5df6eb"}
,"C:\\Users\\THANKS\\Desktop\\Food-Delivery-App\\src\\components\\sum.js": {"path":"C:\\Users\\THANKS\\Desktop\\Food-Delivery-App\\src\\components\\sum.js","statementMap":{"0":{"start":{"line":2,"column":4},"end":{"line":2,"column":15}}},"fnMap":{"0":{"name":"(anonymous_0)","decl":{"start":{"line":1,"column":21},"end":{"line":1,"column":22}},"loc":{"start":{"line":1,"column":30},"end":{"line":3,"column":1}},"line":1}},"branchMap":{},"s":{"0":1},"f":{"0":1},"b":{},"_coverageSchema":"1a1c01bbd47fc00a2c39e90264f33305004495a9","hash":"554b2273155c3c8739c005f6fa1df7872bddfdab"}
,"C:\\Users\\THANKS\\Desktop\\Food-Delivery-App\\src\\utils\\UserContext.js": {"path":"C:\\Users\\THANKS\\Desktop\\Food-Delivery-App\\src\\utils\\UserContext.js","statementMap":{"0":{"start":{"line":3,"column":20},"end":{"line":5,"column":2}}},"fnMap":{},"branchMap":{},"s":{"0":1},"f":{},"b":{},"_coverageSchema":"1a1c01bbd47fc00a2c39e90264f33305004495a9","hash":"8af65de6bd896b1628477f94862ec532ed777182"}
,"C:\\Users\\THANKS\\Desktop\\Food-Delivery-App\\src\\utils\\appStore.js": {"path":"C:\\Users\\THANKS\\Desktop\\Food-Delivery-App\\src\\utils\\appStore.js","statementMap":{"0":{"start":{"line":4,"column":17},"end":{"line":8,"column":2}}},"fnMap":{},"branchMap":{},"s":{"0":2},"f":{},"b":{},"_coverageSchema":"1a1c01bbd47fc00a2c39e90264f33305004495a9","hash":"33427883de6d8b3a56707abc6f122c5f4a0851da"}
,"C:\\Users\\THANKS\\Desktop\\Food-Delivery-App\\src\\utils\\cartSlice.js": {"path":"C:\\Users\\THANKS\\Desktop\\Food-Delivery-App\\src\\utils\\cartSlice.js","statementMap":{"0":{"start":{"line":3,"column":18},"end":{"line":20,"column":2}},"1":{"start":{"line":11,"column":12},"end":{"line":11,"column":45}},"2":{"start":{"line":14,"column":12},"end":{"line":14,"column":30}},"3":{"start":{"line":17,"column":12},"end":{"line":17,"column":35}},"4":{"start":{"line":23,"column":50},"end":{"line":23,"column":67}}},"fnMap":{"0":{"name":"(anonymous_0)","decl":{"start":{"line":9,"column":18},"end":{"line":9,"column":19}},"loc":{"start":{"line":9,"column":37},"end":{"line":12,"column":9}},"line":9},"1":{"name":"(anonymous_1)","decl":{"start":{"line":13,"column":21},"end":{"line":13,"column":22}},"loc":{"start":{"line":13,"column":32},"end":{"line":15,"column":9}},"line":13},"2":{"name":"(anonymous_2)","decl":{"start":{"line":16,"column":19},"end":{"line":16,"column":20}},"loc":{"start":{"line":16,"column":30},"end":{"line":18,"column":9}},"line":16}},"branchMap":{},"s":{"0":2,"1":0,"2":0,"3":0,"4":2},"f":{"0":0,"1":0,"2":0},"b":{},"_coverageSchema":"1a1c01bbd47fc00a2c39e90264f33305004495a9","hash":"dedd200b71944f3be0fe5c0086581dfc0a6e1e60"}
,"C:\\Users\\THANKS\\Desktop\\Food-Delivery-App\\src\\utils\\constant.js": {"path":"C:\\Users\\THANKS\\Desktop\\Food-Delivery-App\\src\\utils\\constant.js","statementMap":{"0":{"start":{"line":2,"column":23},"end":{"line":2,"column":106}},"1":{"start":{"line":4,"column":24},"end":{"line":4,"column":125}},"2":{"start":{"line":6,"column":24},"end":{"line":6,"column":162}}},"fnMap":{},"branchMap":{},"s":{"0":2,"1":2,"2":2},"f":{},"b":{},"_coverageSchema":"1a1c01bbd47fc00a2c39e90264f33305004495a9","hash":"4078171fc2c66e53e132ef12622ad83fbf5a7e12"}
,"C:\\Users\\THANKS\\Desktop\\Food-Delivery-App\\src\\utils\\useOnlineStatus.jsx": {"path":"C:\\Users\\THANKS\\Desktop\\Food-Delivery-App\\src\\utils\\useOnlineStatus.jsx","statementMap":{"0":{"start":{"line":3,"column":24},"end":{"line":14,"column":1}},"1":{"start":{"line":4,"column":44},"end":{"line":4,"column":58}},"2":{"start":{"line":5,"column":4},"end":{"line":12,"column":10}},"3":{"start":{"line":6,"column":8},"end":{"line":8,"column":11}},"4":{"start":{"line":7,"column":12},"end":{"line":7,"column":35}},"5":{"start":{"line":9,"column":8},"end":{"line":11,"column":10}},"6":{"start":{"line":10,"column":12},"end":{"line":10,"column":34}},"7":{"start":{"line":13,"column":4},"end":{"line":13,"column":24}}},"fnMap":{"0":{"name":"(anonymous_0)","decl":{"start":{"line":3,"column":24},"end":{"line":3,"column":25}},"loc":{"start":{"line":3,"column":30},"end":{"line":14,"column":1}},"line":3},"1":{"name":"(anonymous_1)","decl":{"start":{"line":5,"column":14},"end":{"line":5,"column":15}},"loc":{"start":{"line":5,"column":19},"end":{"line":12,"column":5}},"line":5},"2":{"name":"(anonymous_2)","decl":{"start":{"line":6,"column":43},"end":{"line":6,"column":44}},"loc":{"start":{"line":6,"column":48},"end":{"line":8,"column":9}},"line":6},"3":{"name":"(anonymous_3)","decl":{"start":{"line":9,"column":42},"end":{"line":9,"column":43}},"loc":{"start":{"line":9,"column":48},"end":{"line":11,"column":9}},"line":9}},"branchMap":{},"s":{"0":1,"1":4,"2":4,"3":3,"4":0,"5":3,"6":0,"7":4},"f":{"0":4,"1":3,"2":0,"3":0},"b":{},"_coverageSchema":"1a1c01bbd47fc00a2c39e90264f33305004495a9","hash":"f9801671caa7940eef82260e2e197463974ce3d1"}
}
