TN:
SF:src\components\Body.jsx
FN:9,(anonymous_0)
FN:41,(anonymous_1)
FN:47,(anonymous_2)
FN:48,(anonymous_3)
FN:63,(anonymous_4)
FN:65,(anonymous_5)
FN:77,(anonymous_6)
FN:82,(anonymous_7)
FNF:8
FNH:7
FNDA:7,(anonymous_0)
FNDA:1,(anonymous_1)
FNDA:1,(anonymous_2)
FNDA:8,(anonymous_3)
FNDA:1,(anonymous_4)
FNDA:8,(anonymous_5)
FNDA:0,(anonymous_6)
FNDA:40,(anonymous_7)
DA:9,1
DA:10,7
DA:11,7
DA:12,7
DA:15,7
DA:17,7
DA:18,7
DA:21,7
DA:22,7
DA:23,0
DA:27,7
DA:30,7
DA:42,1
DA:48,1
DA:49,8
DA:54,1
DA:64,1
DA:65,8
DA:67,1
DA:77,0
DA:83,40
LF:21
LH:19
BRDA:22,0,0,0
BRDA:22,0,1,7
BRDA:30,1,0,2
BRDA:30,1,1,5
BRDA:87,2,0,40
BRDA:87,2,1,0
BRF:6
BRH:4
end_of_record
TN:
SF:src\components\Contact.jsx
FN:1,(anonymous_0)
FNF:1
FNH:1
FNDA:4,(anonymous_0)
DA:1,1
DA:2,4
LF:2
LH:2
BRF:0
BRH:0
end_of_record
TN:
SF:src\components\RestaurantCard.jsx
FN:3,(anonymous_0)
FN:28,(anonymous_1)
FN:29,(anonymous_2)
FNF:3
FNH:3
FNDA:41,(anonymous_0)
FNDA:7,(anonymous_1)
FNDA:40,(anonymous_2)
DA:3,2
DA:4,41
DA:5,41
DA:7,41
DA:28,2
DA:29,7
DA:30,40
LF:7
LH:7
BRF:0
BRH:0
end_of_record
TN:
SF:src\utils\appStore.js
FNF:0
FNH:0
DA:4,1
LF:1
LH:1
BRF:0
BRH:0
end_of_record
